<?xml version="1.0" encoding="UTF-8"?>
<testng-results skipped="0" failed="1" ignored="0" total="1" passed="0">
  <reporter-output>
    <line>
      <![CDATA[Creating the object of : chrome]]>
    </line>
    <line>
      <![CDATA[Navigating to the : http://52.172.14.165/JNVUIUMS]]>
    </line>
    <line>
      <![CDATA[Clicked on IUMS Login link]]>
    </line>
    <line>
      <![CDATA[Switched to new window]]>
    </line>
    <line>
      <![CDATA[<a href ='D:\hybridFramework\uiAutomation\Screenshot\ExtentReports\Blank_31_05_2018_06_13_36.png'> <img src ='D:\hybridFramework\uiAutomation\Screenshot\ExtentReports\Blank_31_05_2018_06_13_36.png' hight =100 width =100 /> </a>]]>
    </line>
    <line>
      <![CDATA[Driver session closed]]>
    </line>
  </reporter-output>
  <suite name="Regression Suite" duration-ms="7326" started-at="2018-05-31T12:43:30Z" finished-at="2018-05-31T12:43:37Z">
    <groups>
    </groups>
    <test name="Login test chrome" duration-ms="7326" started-at="2018-05-31T12:43:30Z" finished-at="2018-05-31T12:43:37Z">
      <class name="ExaminationAndResultModule.ExamConfigMaster">
        <test-method status="PASS" signature="beforeMethod(java.lang.reflect.Method, java.lang.String)[pri:0, instance:ExaminationAndResultModule.ExamConfigMaster@72e3f]" name="beforeMethod" is-config="true" duration-ms="4081" started-at="2018-05-31T18:13:30Z" finished-at="2018-05-31T18:13:34Z">
          <params>
            <param index="0">
              <value>
                <![CDATA[public void ExaminationAndResultModule.ExamConfigMaster.ExamConfigMasterTest(java.lang.String,java.lang.String,java.lang.String) throws java.lang.InterruptedException]]>
              </value>
            </param>
            <param index="1">
              <value>
                <![CDATA[chrome]]>
              </value>
            </param>
          </params>
          <reporter-output>
            <line>
              <![CDATA[Creating the object of : chrome]]>
            </line>
            <line>
              <![CDATA[Navigating to the : http://52.172.14.165/JNVUIUMS]]>
            </line>
          </reporter-output>
        </test-method> <!-- beforeMethod -->
        <test-method status="FAIL" signature="ExamConfigMasterTest(java.lang.String, java.lang.String, java.lang.String)[pri:0, instance:ExaminationAndResultModule.ExamConfigMaster@72e3f]" name="ExamConfigMasterTest" duration-ms="1229" started-at="2018-05-31T18:13:34Z" data-provider="loginData" finished-at="2018-05-31T18:13:36Z">
          <params>
            <param index="0">
              <value>
                <![CDATA[erp@admin]]>
              </value>
            </param>
            <param index="1">
              <value>
                <![CDATA[Jnvu@)!^]]>
              </value>
            </param>
            <param index="2">
              <value>
                <![CDATA[Y]]>
              </value>
            </param>
          </params>
          <exception class="java.lang.AssertionError">
            <message>
              <![CDATA[The following asserts failed:expected [JNVU :: UNIVERSITY ADMIN LOGIN] but found [JNVU :: UNIVERSITY ADMIN LOGI]]]>
            </message>
            <full-stacktrace>
              <![CDATA[java.lang.AssertionError: The following asserts failed:expected [JNVU :: UNIVERSITY ADMIN LOGIN] but found [JNVU :: UNIVERSITY ADMIN LOGI]at org.testng.asserts.SoftAssert.assertAll(SoftAssert.java:43)at ExaminationAndResultModule.ExamConfigMaster.ExamConfigMasterTest(ExamConfigMaster.java:60)at sun.reflect.NativeMethodAccessorImpl.invoke0(Native Method)at sun.reflect.NativeMethodAccessorImpl.invoke(Unknown Source)at sun.reflect.DelegatingMethodAccessorImpl.invoke(Unknown Source)at java.lang.reflect.Method.invoke(Unknown Source)at org.testng.internal.MethodInvocationHelper.invokeMethod(MethodInvocationHelper.java:124)at org.testng.internal.Invoker.invokeMethod(Invoker.java:571)at org.testng.internal.Invoker.invokeTestMethod(Invoker.java:707)at org.testng.internal.Invoker.invokeTestMethods(Invoker.java:979)at org.testng.internal.TestMethodWorker.invokeTestMethods(TestMethodWorker.java:125)at org.testng.internal.TestMethodWorker.run(TestMethodWorker.java:109)at org.testng.TestRunner.privateRun(TestRunner.java:648)at org.testng.TestRunner.run(TestRunner.java:505)at org.testng.SuiteRunner.runTest(SuiteRunner.java:455)at org.testng.SuiteRunner.runSequentially(SuiteRunner.java:450)at org.testng.SuiteRunner.privateRun(SuiteRunner.java:415)at org.testng.SuiteRunner.run(SuiteRunner.java:364)at org.testng.SuiteRunnerWorker.runSuite(SuiteRunnerWorker.java:52)at org.testng.SuiteRunnerWorker.run(SuiteRunnerWorker.java:84)at org.testng.TestNG.runSuitesSequentially(TestNG.java:1187)at org.testng.TestNG.runSuitesLocally(TestNG.java:1116)at org.testng.TestNG.runSuites(TestNG.java:1028)at org.testng.TestNG.run(TestNG.java:996)at org.testng.remote.AbstractRemoteTestNG.run(AbstractRemoteTestNG.java:132)at org.testng.remote.RemoteTestNG.initAndRun(RemoteTestNG.java:230)at org.testng.remote.RemoteTestNG.main(RemoteTestNG.java:76)]]>
            </full-stacktrace>
          </exception> <!-- java.lang.AssertionError -->
          <reporter-output>
            <line>
              <![CDATA[Clicked on IUMS Login link]]>
            </line>
            <line>
              <![CDATA[Switched to new window]]>
            </line>
          </reporter-output>
        </test-method> <!-- ExamConfigMasterTest -->
        <test-method status="PASS" signature="afterMethod(org.testng.ITestResult)[pri:0, instance:ExaminationAndResultModule.ExamConfigMaster@72e3f]" name="afterMethod" is-config="true" duration-ms="1536" started-at="2018-05-31T18:13:36Z" finished-at="2018-05-31T18:13:37Z">
          <params>
            <param index="0">
              <value>
                <![CDATA[[TestResult name=ExamConfigMasterTest status=FAILURE method=ExamConfigMaster.ExamConfigMasterTest(java.lang.String, java.lang.String, java.lang.String)[pri:0, instance:ExaminationAndResultModule.ExamConfigMaster@72e3f] output=Clicked on IUMS Login link]]]>
              </value>
            </param>
          </params>
          <reporter-output>
            <line>
              <![CDATA[<a href ='D:\hybridFramework\uiAutomation\Screenshot\ExtentReports\Blank_31_05_2018_06_13_36.png'> <img src ='D:\hybridFramework\uiAutomation\Screenshot\ExtentReports\Blank_31_05_2018_06_13_36.png' hight =100 width =100 /> </a>]]>
            </line>
            <line>
              <![CDATA[Driver session closed]]>
            </line>
          </reporter-output>
        </test-method> <!-- afterMethod -->
      </class> <!-- ExaminationAndResultModule.ExamConfigMaster -->
    </test> <!-- Login test chrome -->
  </suite> <!-- Regression Suite -->
</testng-results>
