<html>
<head>
<title>TestNG:  Login test chrome</title>
<link href="../testng.css" rel="stylesheet" type="text/css" />
<link href="../my-testng.css" rel="stylesheet" type="text/css" />

<style type="text/css">
.log { display: none;} 
.stack-trace { display: none;} 
</style>
<script type="text/javascript">
<!--
function flip(e) {
  current = e.style.display;
  if (current == 'block') {
    e.style.display = 'none';
    return 0;
  }
  else {
    e.style.display = 'block';
    return 1;
  }
}

function toggleBox(szDivId, elem, msg1, msg2)
{
  var res = -1;  if (document.getElementById) {
    res = flip(document.getElementById(szDivId));
  }
  else if (document.all) {
    // this is the way old msie versions work
    res = flip(document.all[szDivId]);
  }
  if(elem) {
    if(res == 0) elem.innerHTML = msg1; else elem.innerHTML = msg2;
  }

}

function toggleAllBoxes() {
  if (document.getElementsByTagName) {
    d = document.getElementsByTagName('div');
    for (i = 0; i < d.length; i++) {
      if (d[i].className == 'log') {
        flip(d[i]);
      }
    }
  }
}

// -->
</script>

</head>
<body>
<h2 align='center'>Login test chrome</h2><table border='1' align="center">
<tr>
<td>Tests passed/Failed/Skipped:</td><td>2/0/2</td>
</tr><tr>
<td>Started on:</td><td>Tue Jun 05 14:40:47 IST 2018</td>
</tr>
<tr><td>Total time:</td><td>122 seconds (122124 ms)</td>
</tr><tr>
<td>Included groups:</td><td></td>
</tr><tr>
<td>Excluded groups:</td><td></td>
</tr>
</table><p/>
<small><i>(Hover the method name to see the test class name)</i></small><p/>
<table width='100%' border='1' class='invocation-failed'>
<tr><td colspan='4' align='center'><b>FAILED TESTS</b></td></tr>
<tr><td><b>Test method</b></td>
<td width="30%"><b>Exception</b></td>
<td width="10%"><b>Time (seconds)</b></td>
<td><b>Instance</b></td>
</tr>
<tr>
<td title='ExaminationAndResultModule.ExamConfigMaster.ExamConfigMasterTest()'><b>ExamConfigMasterTest</b><br>Test class: ExaminationAndResultModule.ExamConfigMaster</td>
<td><div><pre>org.openqa.selenium.NoSuchWindowException: no such window: target window already closed
from unknown error: web view not found
  (Session info: chrome=66.0.3359.181)
  (Driver info: chromedriver=2.37.544315 (730aa6a5fdba159ac9f4c1e8cbc59bf1b5ce12b7),platform=Windows NT 6.3.9600 x86) (WARNING: The server did not provide any stacktrace information)
Command duration or timeout: 0 milliseconds
Build info: version: &apos;3.11.0&apos;, revision: &apos;e59cfb3&apos;, time: &apos;2018-03-11T20:26:55.152Z&apos;
System info: host: &apos;ESLDELLV3&apos;, ip: &apos;192.168.10.121&apos;, os.name: &apos;Windows 8.1&apos;, os.arch: &apos;x86&apos;, os.version: &apos;6.3&apos;, java.version: &apos;1.8.0_05&apos;
Driver info: org.openqa.selenium.chrome.ChromeDriver
Capabilities {acceptInsecureCerts: false, acceptSslCerts: false, applicationCacheEnabled: false, browserConnectionEnabled: false, browserName: chrome, chrome: {chromedriverVersion: 2.37.544315 (730aa6a5fdba15..., userDataDir: C:\Users\AMITCH~1\AppData\L...}, cssSelectorsEnabled: true, databaseEnabled: false, handlesAlerts: true, hasTouchScreen: false, javascriptEnabled: true, locationContextEnabled: true, mobileEmulationEnabled: false, nativeEvents: true, networkConnectionEnabled: false, pageLoadStrategy: normal, platform: XP, platformName: XP, rotatable: false, setWindowRect: true, takesHeapSnapshot: true, takesScreenshot: true, unexpectedAlertBehaviour: , unhandledPromptBehavior: , version: 66.0.3359.181, webStorageEnabled: true}
Session ID: d4969794197e5d32da7d4d51328bf20b
	at org.openqa.selenium.remote.ErrorHandler.createThrowable(ErrorHandler.java:214)
	at org.openqa.selenium.remote.ErrorHandler.throwIfResponseFailed(ErrorHandler.java:166)
	at org.openqa.selenium.remote.http.JsonHttpResponseCodec.reconstructValue(JsonHttpResponseCodec.java:40)
	at org.openqa.selenium.remote.http.AbstractHttpResponseCodec.decode(AbstractHttpResponseCodec.java:80)
	at org.openqa.selenium.remote.http.AbstractHttpResponseCodec.decode(AbstractHttpResponseCodec.java:44)
	at org.openqa.selenium.remote.HttpCommandExecutor.execute(HttpCommandExecutor.java:158)
	at org.openqa.selenium.remote.service.DriverCommandExecutor.execute(DriverCommandExecutor.java:83)
	at org.openqa.selenium.remote.RemoteWebDriver.execute(RemoteWebDriver.java:545)
	at org.openqa.selenium.remote.RemoteWebDriver.execute(RemoteWebDriver.java:602)
	at org.openqa.selenium.remote.RemoteWebDriver.getScreenshotAs(RemoteWebDriver.java:291)
	at customListner.Listner.onTestSuccess(Listner.java:79)
... Removed 26 stack frames</pre></div><a href='#' onClick='toggleBox("stack-trace30810993", this, "Click to show all stack frames", "Click to hide stack frames")'>Click to show all stack frames</a>
<div class='stack-trace' id='stack-trace30810993'><pre>org.openqa.selenium.NoSuchWindowException: no such window: target window already closed
from unknown error: web view not found
  (Session info: chrome=66.0.3359.181)
  (Driver info: chromedriver=2.37.544315 (730aa6a5fdba159ac9f4c1e8cbc59bf1b5ce12b7),platform=Windows NT 6.3.9600 x86) (WARNING: The server did not provide any stacktrace information)
Command duration or timeout: 0 milliseconds
Build info: version: &apos;3.11.0&apos;, revision: &apos;e59cfb3&apos;, time: &apos;2018-03-11T20:26:55.152Z&apos;
System info: host: &apos;ESLDELLV3&apos;, ip: &apos;192.168.10.121&apos;, os.name: &apos;Windows 8.1&apos;, os.arch: &apos;x86&apos;, os.version: &apos;6.3&apos;, java.version: &apos;1.8.0_05&apos;
Driver info: org.openqa.selenium.chrome.ChromeDriver
Capabilities {acceptInsecureCerts: false, acceptSslCerts: false, applicationCacheEnabled: false, browserConnectionEnabled: false, browserName: chrome, chrome: {chromedriverVersion: 2.37.544315 (730aa6a5fdba15..., userDataDir: C:\Users\AMITCH~1\AppData\L...}, cssSelectorsEnabled: true, databaseEnabled: false, handlesAlerts: true, hasTouchScreen: false, javascriptEnabled: true, locationContextEnabled: true, mobileEmulationEnabled: false, nativeEvents: true, networkConnectionEnabled: false, pageLoadStrategy: normal, platform: XP, platformName: XP, rotatable: false, setWindowRect: true, takesHeapSnapshot: true, takesScreenshot: true, unexpectedAlertBehaviour: , unhandledPromptBehavior: , version: 66.0.3359.181, webStorageEnabled: true}
Session ID: d4969794197e5d32da7d4d51328bf20b
	at sun.reflect.NativeConstructorAccessorImpl.newInstance0(Native Method)
	at sun.reflect.NativeConstructorAccessorImpl.newInstance(Unknown Source)
	at sun.reflect.DelegatingConstructorAccessorImpl.newInstance(Unknown Source)
	at java.lang.reflect.Constructor.newInstance(Unknown Source)
	at org.openqa.selenium.remote.ErrorHandler.createThrowable(ErrorHandler.java:214)
	at org.openqa.selenium.remote.ErrorHandler.throwIfResponseFailed(ErrorHandler.java:166)
	at org.openqa.selenium.remote.http.JsonHttpResponseCodec.reconstructValue(JsonHttpResponseCodec.java:40)
	at org.openqa.selenium.remote.http.AbstractHttpResponseCodec.decode(AbstractHttpResponseCodec.java:80)
	at org.openqa.selenium.remote.http.AbstractHttpResponseCodec.decode(AbstractHttpResponseCodec.java:44)
	at org.openqa.selenium.remote.HttpCommandExecutor.execute(HttpCommandExecutor.java:158)
	at org.openqa.selenium.remote.service.DriverCommandExecutor.execute(DriverCommandExecutor.java:83)
	at org.openqa.selenium.remote.RemoteWebDriver.execute(RemoteWebDriver.java:545)
	at org.openqa.selenium.remote.RemoteWebDriver.execute(RemoteWebDriver.java:602)
	at org.openqa.selenium.remote.RemoteWebDriver.getScreenshotAs(RemoteWebDriver.java:291)
	at customListner.Listner.onTestSuccess(Listner.java:79)
	at org.testng.internal.TestListenerHelper.runTestListeners(TestListenerHelper.java:70)
	at org.testng.internal.Invoker.runTestListeners(Invoker.java:1379)
	at org.testng.internal.Invoker.invokeMethod(Invoker.java:624)
	at org.testng.internal.Invoker.invokeTestMethod(Invoker.java:707)
	at org.testng.internal.Invoker.invokeTestMethods(Invoker.java:979)
	at org.testng.internal.TestMethodWorker.invokeTestMethods(TestMethodWorker.java:125)
	at org.testng.internal.TestMethodWorker.run(TestMethodWorker.java:109)
	at org.testng.TestRunner.privateRun(TestRunner.java:648)
	at org.testng.TestRunner.run(TestRunner.java:505)
	at org.testng.SuiteRunner.runTest(SuiteRunner.java:455)
	at org.testng.SuiteRunner.runSequentially(SuiteRunner.java:450)
	at org.testng.SuiteRunner.privateRun(SuiteRunner.java:415)
	at org.testng.SuiteRunner.run(SuiteRunner.java:364)
	at org.testng.SuiteRunnerWorker.runSuite(SuiteRunnerWorker.java:52)
	at org.testng.SuiteRunnerWorker.run(SuiteRunnerWorker.java:84)
	at org.testng.TestNG.runSuitesSequentially(TestNG.java:1187)
	at org.testng.TestNG.runSuitesLocally(TestNG.java:1116)
	at org.testng.TestNG.runSuites(TestNG.java:1028)
	at org.testng.TestNG.run(TestNG.java:996)
	at org.testng.remote.AbstractRemoteTestNG.run(AbstractRemoteTestNG.java:132)
	at org.testng.remote.RemoteTestNG.initAndRun(RemoteTestNG.java:230)
	at org.testng.remote.RemoteTestNG.main(RemoteTestNG.java:76)
</pre></div></td>
<td>8</td>
<td>ExaminationAndResultModule.ExamConfigMaster@4d6e83</td></tr>
</table><p>
<table width='100%' border='1' class='invocation-passed'>
<tr><td colspan='4' align='center'><b>PASSED TESTS</b></td></tr>
<tr><td><b>Test method</b></td>
<td width="30%"><b>Exception</b></td>
<td width="10%"><b>Time (seconds)</b></td>
<td><b>Instance</b></td>
</tr>
<tr>
<td title='ExaminationAndResultModule.ExamConfigMaster.ExamConfigMasterTest()'><b>ExamConfigMasterTest</b><br>Test class: ExaminationAndResultModule.ExamConfigMaster<br>Parameters: erp@admin, Jnvu@)!^, Y<br/>
<a href="#Output-27659303" onClick='toggleBox("Output-27659303", this, "Show output", "Hide output");'>Show output</a>

<a href="#Output-27659303" onClick="toggleAllBoxes();">Show all outputs</a>
<div class='log' id="Output-27659303">
Test case ExamConfigMasterTest Started<br/>
Clicked on IUMS Login link<br/>
Switched to new window<br/>
Entered userName is : erp@admin<br/>
Entered password is : Jnvu@)!^<br/>
User logged in to IUMS<br/>
Clicked on Examination & Result Module<br/>
Mouse Hover to Examination Master<br/>
Clicked on Exam Config Master<br/>
Session Selected<br/>
Switched to calendar frame<br/>
Today : Jun 5, 2018 is selected<br/>
From Month Selected<br/>
From Year Selected<br/>
To Month Selected<br/>
To Year Selected<br/>
Exam Category Selected<br/>
Is Active Selected<br/>
Clicked on Save Button<br/>
</div>
</td>
<td></td>
<td>4</td>
<td>ExaminationAndResultModule.ExamConfigMaster@4d6e83</td></tr>
<tr>
<td title='signInAction.TC_Login.LoginWithMultipleUser()'><b>LoginWithMultipleUser</b><br>Test class: signInAction.TC_Login<br>Parameters: erp@admin, Jnvu@)!^, Y<br/>
<a href="#Output-13306193" onClick='toggleBox("Output-13306193", this, "Show output", "Hide output");'>Show output</a>

<a href="#Output-13306193" onClick="toggleAllBoxes();">Show all outputs</a>
<div class='log' id="Output-13306193">
Test case LoginWithMultipleUser Started<br/>
Clicked on IUMS Login link<br/>
Switched to new window<br/>
Entered userName is : erp@admin<br/>
Entered password is : Jnvu@)!^<br/>
User logged in to IUMS JNVU<br/>
Clicked on logOut<br/>
User logged Out from IUMS JNVU<br/>
Navigate back to home page<br/>
<a href ='D:\hybridFramework\uiAutomation\Screenshot\FailedTestScreenshot\pass_screenshotsLoginWithMultipleUser_05_06_2018_02_42_13.png'> <img src ='D:\hybridFramework\uiAutomation\Screenshot\FailedTestScreenshot\pass_screenshotsLoginWithMultipleUser_05_06_2018_02_42_13.png' hight =100 width =100 /> </a><br/>
</div>
</td>
<td></td>
<td>3</td>
<td>signInAction.TC_Login@dba097</td></tr>
<tr>
<td title='ExaminationAndResultModule.SanityTest.examinationResultSanityTest()'><b>examinationResultSanityTest</b><br>Test class: ExaminationAndResultModule.SanityTest<br>Parameters: erp@admin, Jnvu@)!^, Y<br/>
<a href="#Output-13082418" onClick='toggleBox("Output-13082418", this, "Show output", "Hide output");'>Show output</a>

<a href="#Output-13082418" onClick="toggleAllBoxes();">Show all outputs</a>
<div class='log' id="Output-13082418">
Test case examinationResultSanityTest Started<br/>
Clicked on IUMS Login link<br/>
Switched to new window<br/>
Entered userName is : erp@admin<br/>
Entered password is : Jnvu@)!^<br/>
User logged in to IUMS<br/>
Clicked on Examination & Result Module<br/>
Mouse Hover to Examination Master<br/>
Clicked on Exam Config Master<br/>
<a href ='D:\hybridFramework\uiAutomation\Screenshot\GenralScreenshot\ExamConfigMaster_05_06_2018_02_42_22.png'> <img src ='D:\hybridFramework\uiAutomation\Screenshot\GenralScreenshot\ExamConfigMaster_05_06_2018_02_42_22.png' hight =100 width =100 /> </a><br/>
Mouse Hover to Examination Master<br/>
Clicked on Exam Configuration Transaction<br/>
<a href ='D:\hybridFramework\uiAutomation\Screenshot\GenralScreenshot\ExamConfigurationTransaction_05_06_2018_02_42_26.png'> <img src ='D:\hybridFramework\uiAutomation\Screenshot\GenralScreenshot\ExamConfigurationTransaction_05_06_2018_02_42_26.png' hight =100 width =100 /> </a><br/>
Mouse Hover to Examination Master<br/>
Clicked on Grace Configuration Master<br/>
<a href ='D:\hybridFramework\uiAutomation\Screenshot\GenralScreenshot\GraceConfigurationMaster_05_06_2018_02_42_29.png'> <img src ='D:\hybridFramework\uiAutomation\Screenshot\GenralScreenshot\GraceConfigurationMaster_05_06_2018_02_42_29.png' hight =100 width =100 /> </a><br/>
Mouse Hover to Examination Master<br/>
Clicked on District PlaceMapping<br/>
<a href ='D:\hybridFramework\uiAutomation\Screenshot\GenralScreenshot\DistrictPlaceMapping_05_06_2018_02_42_32.png'> <img src ='D:\hybridFramework\uiAutomation\Screenshot\GenralScreenshot\DistrictPlaceMapping_05_06_2018_02_42_32.png' hight =100 width =100 /> </a><br/>
Mouse Hover to Examination Master<br/>
Clicked on Exam Configuration Transaction<br/>
<a href ='D:\hybridFramework\uiAutomation\Screenshot\GenralScreenshot\ExamChallanNoConfiguration_05_06_2018_02_42_34.png'> <img src ='D:\hybridFramework\uiAutomation\Screenshot\GenralScreenshot\ExamChallanNoConfiguration_05_06_2018_02_42_34.png' hight =100 width =100 /> </a><br/>
Mouse Hover to Examination Master<br/>
Clicked on Exam Configuration Transaction College Wise<br/>
<a href ='D:\hybridFramework\uiAutomation\Screenshot\GenralScreenshot\ExamConfigurationTransactionCollegeWise_05_06_2018_02_42_37.png'> <img src ='D:\hybridFramework\uiAutomation\Screenshot\GenralScreenshot\ExamConfigurationTransactionCollegeWise_05_06_2018_02_42_37.png' hight =100 width =100 /> </a><br/>
Clicked on logOut<br/>
<a href ='D:\hybridFramework\uiAutomation\Screenshot\FailedTestScreenshot\pass_screenshotsexaminationResultSanityTest_05_06_2018_02_42_40.png'> <img src ='D:\hybridFramework\uiAutomation\Screenshot\FailedTestScreenshot\pass_screenshotsexaminationResultSanityTest_05_06_2018_02_42_40.png' hight =100 width =100 /> </a><br/>
</div>
</td>
<td></td>
<td>21</td>
<td>ExaminationAndResultModule.SanityTest@186f9d5</td></tr>
</table><p>
<table width='100%' border='1' class='invocation-skipped'>
<tr><td colspan='4' align='center'><b>SKIPPED TESTS</b></td></tr>
<tr><td><b>Test method</b></td>
<td width="30%"><b>Exception</b></td>
<td width="10%"><b>Time (seconds)</b></td>
<td><b>Instance</b></td>
</tr>
<tr>
<td title='signInAction.TC_Login.LoginWithMultipleUser()'><b>LoginWithMultipleUser</b><br>Test class: signInAction.TC_Login<br>Parameters: erp@admin, Jnvu@)!^, Y<br/>
<a href="#Output-4583022" onClick='toggleBox("Output-4583022", this, "Show output", "Hide output");'>Show output</a>

<a href="#Output-4583022" onClick="toggleAllBoxes();">Show all outputs</a>
<div class='log' id="Output-4583022">
Test case LoginWithMultipleUser Started<br/>
Clicked on IUMS Login link<br/>
Switched to new window<br/>
Entered userName is : erp@admin<br/>
Entered password is : Jnvu@)!^<br/>
User logged in to IUMS JNVU<br/>
Retrying test LoginWithMultipleUser with status Failed for the 1 time(s)<br/>
Test Case LoginWithMultipleUser Skipped<br/>
</div>
</td>
<td><div><pre>java.lang.NullPointerException
	at org.openqa.selenium.support.pagefactory.internal.LocatingElementHandler.invoke(LocatingElementHandler.java:51)
	at com.sun.proxy.$Proxy13.getText(Unknown Source)
	at pageObject.MyModules.assignedModules(MyModules.java:35)
	at signInAction.TC_Login.LoginWithMultipleUser(TC_Login.java:49)
... Removed 29 stack frames</pre></div><a href='#' onClick='toggleBox("stack-trace4583022", this, "Click to show all stack frames", "Click to hide stack frames")'>Click to show all stack frames</a>
<div class='stack-trace' id='stack-trace4583022'><pre>java.lang.NullPointerException
	at sun.reflect.NativeMethodAccessorImpl.invoke0(Native Method)
	at sun.reflect.NativeMethodAccessorImpl.invoke(Unknown Source)
	at sun.reflect.DelegatingMethodAccessorImpl.invoke(Unknown Source)
	at java.lang.reflect.Method.invoke(Unknown Source)
	at org.openqa.selenium.support.pagefactory.internal.LocatingElementHandler.invoke(LocatingElementHandler.java:51)
	at com.sun.proxy.$Proxy13.getText(Unknown Source)
	at pageObject.MyModules.assignedModules(MyModules.java:35)
	at signInAction.TC_Login.LoginWithMultipleUser(TC_Login.java:49)
	at sun.reflect.NativeMethodAccessorImpl.invoke0(Native Method)
	at sun.reflect.NativeMethodAccessorImpl.invoke(Unknown Source)
	at sun.reflect.DelegatingMethodAccessorImpl.invoke(Unknown Source)
	at java.lang.reflect.Method.invoke(Unknown Source)
	at org.testng.internal.MethodInvocationHelper.invokeMethod(MethodInvocationHelper.java:124)
	at org.testng.internal.Invoker.invokeMethod(Invoker.java:571)
	at org.testng.internal.Invoker.invokeTestMethod(Invoker.java:707)
	at org.testng.internal.Invoker.invokeTestMethods(Invoker.java:979)
	at org.testng.internal.TestMethodWorker.invokeTestMethods(TestMethodWorker.java:125)
	at org.testng.internal.TestMethodWorker.run(TestMethodWorker.java:109)
	at org.testng.TestRunner.privateRun(TestRunner.java:648)
	at org.testng.TestRunner.run(TestRunner.java:505)
	at org.testng.SuiteRunner.runTest(SuiteRunner.java:455)
	at org.testng.SuiteRunner.runSequentially(SuiteRunner.java:450)
	at org.testng.SuiteRunner.privateRun(SuiteRunner.java:415)
	at org.testng.SuiteRunner.run(SuiteRunner.java:364)
	at org.testng.SuiteRunnerWorker.runSuite(SuiteRunnerWorker.java:52)
	at org.testng.SuiteRunnerWorker.run(SuiteRunnerWorker.java:84)
	at org.testng.TestNG.runSuitesSequentially(TestNG.java:1187)
	at org.testng.TestNG.runSuitesLocally(TestNG.java:1116)
	at org.testng.TestNG.runSuites(TestNG.java:1028)
	at org.testng.TestNG.run(TestNG.java:996)
	at org.testng.remote.AbstractRemoteTestNG.run(AbstractRemoteTestNG.java:132)
	at org.testng.remote.RemoteTestNG.initAndRun(RemoteTestNG.java:230)
	at org.testng.remote.RemoteTestNG.main(RemoteTestNG.java:76)
</pre></div></td>
<td>7</td>
<td>signInAction.TC_Login@dba097</td></tr>
<tr>
<td title='signInAction.TC_Login.LoginWithMultipleUser()'><b>LoginWithMultipleUser</b><br>Test class: signInAction.TC_Login<br>Parameters: erp@admin, Jnvu@)!^, Y<br/>
<a href="#Output-29754148" onClick='toggleBox("Output-29754148", this, "Show output", "Hide output");'>Show output</a>

<a href="#Output-29754148" onClick="toggleAllBoxes();">Show all outputs</a>
<div class='log' id="Output-29754148">
Test case LoginWithMultipleUser Started<br/>
Clicked on IUMS Login link<br/>
Switched to new window<br/>
Entered userName is : erp@admin<br/>
Entered password is : Jnvu@)!^<br/>
User logged in to IUMS JNVU<br/>
Retrying test LoginWithMultipleUser with status Failed for the 2 time(s)<br/>
Test Case LoginWithMultipleUser Skipped<br/>
</div>
</td>
<td><div><pre>org.openqa.selenium.NoSuchElementException: no such element: Unable to locate element: {&quot;method&quot;:&quot;xpath&quot;,&quot;selector&quot;:&quot;//*[@id=&apos;body&apos;]/div[2]/table/tbody/tr[1]/td/h1&quot;}
  (Session info: chrome=66.0.3359.181)
  (Driver info: chromedriver=2.37.544315 (730aa6a5fdba159ac9f4c1e8cbc59bf1b5ce12b7),platform=Windows NT 6.3.9600 x86) (WARNING: The server did not provide any stacktrace information)
Command duration or timeout: 0 milliseconds
For documentation on this error, please visit: http://seleniumhq.org/exceptions/no_such_element.html
Build info: version: &apos;3.11.0&apos;, revision: &apos;e59cfb3&apos;, time: &apos;2018-03-11T20:26:55.152Z&apos;
System info: host: &apos;ESLDELLV3&apos;, ip: &apos;192.168.10.121&apos;, os.name: &apos;Windows 8.1&apos;, os.arch: &apos;x86&apos;, os.version: &apos;6.3&apos;, java.version: &apos;1.8.0_05&apos;
Driver info: org.openqa.selenium.chrome.ChromeDriver
Capabilities {acceptInsecureCerts: false, acceptSslCerts: false, applicationCacheEnabled: false, browserConnectionEnabled: false, browserName: chrome, chrome: {chromedriverVersion: 2.37.544315 (730aa6a5fdba15..., userDataDir: C:\Users\AMITCH~1\AppData\L...}, cssSelectorsEnabled: true, databaseEnabled: false, handlesAlerts: true, hasTouchScreen: false, javascriptEnabled: true, locationContextEnabled: true, mobileEmulationEnabled: false, nativeEvents: true, networkConnectionEnabled: false, pageLoadStrategy: normal, platform: XP, platformName: XP, rotatable: false, setWindowRect: true, takesHeapSnapshot: true, takesScreenshot: true, unexpectedAlertBehaviour: , unhandledPromptBehavior: , version: 66.0.3359.181, webStorageEnabled: true}
Session ID: d0e06848485c0b75f0f80f85ec8fd1a3
*** Element info: {Using=xpath, value=//*[@id=&apos;body&apos;]/div[2]/table/tbody/tr[1]/td/h1}
	at org.openqa.selenium.remote.ErrorHandler.createThrowable(ErrorHandler.java:214)
	at org.openqa.selenium.remote.ErrorHandler.throwIfResponseFailed(ErrorHandler.java:166)
	at org.openqa.selenium.remote.http.JsonHttpResponseCodec.reconstructValue(JsonHttpResponseCodec.java:40)
	at org.openqa.selenium.remote.http.AbstractHttpResponseCodec.decode(AbstractHttpResponseCodec.java:80)
	at org.openqa.selenium.remote.http.AbstractHttpResponseCodec.decode(AbstractHttpResponseCodec.java:44)
	at org.openqa.selenium.remote.HttpCommandExecutor.execute(HttpCommandExecutor.java:158)
	at org.openqa.selenium.remote.service.DriverCommandExecutor.execute(DriverCommandExecutor.java:83)
	at org.openqa.selenium.remote.RemoteWebDriver.execute(RemoteWebDriver.java:545)
	at org.openqa.selenium.remote.RemoteWebDriver.findElement(RemoteWebDriver.java:319)
	at org.openqa.selenium.remote.RemoteWebDriver.findElementByXPath(RemoteWebDriver.java:421)
	at org.openqa.selenium.By$ByXPath.findElement(By.java:361)
	at org.openqa.selenium.remote.RemoteWebDriver.findElement(RemoteWebDriver.java:311)
	at org.openqa.selenium.support.pagefactory.DefaultElementLocator.findElement(DefaultElementLocator.java:69)
	at org.openqa.selenium.support.pagefactory.internal.LocatingElementHandler.invoke(LocatingElementHandler.java:38)
	at com.sun.proxy.$Proxy13.getText(Unknown Source)
	at pageObject.MyModules.assignedModules(MyModules.java:35)
	at signInAction.TC_Login.LoginWithMultipleUser(TC_Login.java:49)
... Removed 29 stack frames</pre></div><a href='#' onClick='toggleBox("stack-trace29754148", this, "Click to show all stack frames", "Click to hide stack frames")'>Click to show all stack frames</a>
<div class='stack-trace' id='stack-trace29754148'><pre>org.openqa.selenium.NoSuchElementException: no such element: Unable to locate element: {&quot;method&quot;:&quot;xpath&quot;,&quot;selector&quot;:&quot;//*[@id=&apos;body&apos;]/div[2]/table/tbody/tr[1]/td/h1&quot;}
  (Session info: chrome=66.0.3359.181)
  (Driver info: chromedriver=2.37.544315 (730aa6a5fdba159ac9f4c1e8cbc59bf1b5ce12b7),platform=Windows NT 6.3.9600 x86) (WARNING: The server did not provide any stacktrace information)
Command duration or timeout: 0 milliseconds
For documentation on this error, please visit: http://seleniumhq.org/exceptions/no_such_element.html
Build info: version: &apos;3.11.0&apos;, revision: &apos;e59cfb3&apos;, time: &apos;2018-03-11T20:26:55.152Z&apos;
System info: host: &apos;ESLDELLV3&apos;, ip: &apos;192.168.10.121&apos;, os.name: &apos;Windows 8.1&apos;, os.arch: &apos;x86&apos;, os.version: &apos;6.3&apos;, java.version: &apos;1.8.0_05&apos;
Driver info: org.openqa.selenium.chrome.ChromeDriver
Capabilities {acceptInsecureCerts: false, acceptSslCerts: false, applicationCacheEnabled: false, browserConnectionEnabled: false, browserName: chrome, chrome: {chromedriverVersion: 2.37.544315 (730aa6a5fdba15..., userDataDir: C:\Users\AMITCH~1\AppData\L...}, cssSelectorsEnabled: true, databaseEnabled: false, handlesAlerts: true, hasTouchScreen: false, javascriptEnabled: true, locationContextEnabled: true, mobileEmulationEnabled: false, nativeEvents: true, networkConnectionEnabled: false, pageLoadStrategy: normal, platform: XP, platformName: XP, rotatable: false, setWindowRect: true, takesHeapSnapshot: true, takesScreenshot: true, unexpectedAlertBehaviour: , unhandledPromptBehavior: , version: 66.0.3359.181, webStorageEnabled: true}
Session ID: d0e06848485c0b75f0f80f85ec8fd1a3
*** Element info: {Using=xpath, value=//*[@id=&apos;body&apos;]/div[2]/table/tbody/tr[1]/td/h1}
	at sun.reflect.NativeConstructorAccessorImpl.newInstance0(Native Method)
	at sun.reflect.NativeConstructorAccessorImpl.newInstance(Unknown Source)
	at sun.reflect.DelegatingConstructorAccessorImpl.newInstance(Unknown Source)
	at java.lang.reflect.Constructor.newInstance(Unknown Source)
	at org.openqa.selenium.remote.ErrorHandler.createThrowable(ErrorHandler.java:214)
	at org.openqa.selenium.remote.ErrorHandler.throwIfResponseFailed(ErrorHandler.java:166)
	at org.openqa.selenium.remote.http.JsonHttpResponseCodec.reconstructValue(JsonHttpResponseCodec.java:40)
	at org.openqa.selenium.remote.http.AbstractHttpResponseCodec.decode(AbstractHttpResponseCodec.java:80)
	at org.openqa.selenium.remote.http.AbstractHttpResponseCodec.decode(AbstractHttpResponseCodec.java:44)
	at org.openqa.selenium.remote.HttpCommandExecutor.execute(HttpCommandExecutor.java:158)
	at org.openqa.selenium.remote.service.DriverCommandExecutor.execute(DriverCommandExecutor.java:83)
	at org.openqa.selenium.remote.RemoteWebDriver.execute(RemoteWebDriver.java:545)
	at org.openqa.selenium.remote.RemoteWebDriver.findElement(RemoteWebDriver.java:319)
	at org.openqa.selenium.remote.RemoteWebDriver.findElementByXPath(RemoteWebDriver.java:421)
	at org.openqa.selenium.By$ByXPath.findElement(By.java:361)
	at org.openqa.selenium.remote.RemoteWebDriver.findElement(RemoteWebDriver.java:311)
	at org.openqa.selenium.support.pagefactory.DefaultElementLocator.findElement(DefaultElementLocator.java:69)
	at org.openqa.selenium.support.pagefactory.internal.LocatingElementHandler.invoke(LocatingElementHandler.java:38)
	at com.sun.proxy.$Proxy13.getText(Unknown Source)
	at pageObject.MyModules.assignedModules(MyModules.java:35)
	at signInAction.TC_Login.LoginWithMultipleUser(TC_Login.java:49)
	at sun.reflect.NativeMethodAccessorImpl.invoke0(Native Method)
	at sun.reflect.NativeMethodAccessorImpl.invoke(Unknown Source)
	at sun.reflect.DelegatingMethodAccessorImpl.invoke(Unknown Source)
	at java.lang.reflect.Method.invoke(Unknown Source)
	at org.testng.internal.MethodInvocationHelper.invokeMethod(MethodInvocationHelper.java:124)
	at org.testng.internal.Invoker.invokeMethod(Invoker.java:571)
	at org.testng.internal.Invoker.retryFailed(Invoker.java:829)
	at org.testng.internal.Invoker.invokeTestMethods(Invoker.java:1000)
	at org.testng.internal.TestMethodWorker.invokeTestMethods(TestMethodWorker.java:125)
	at org.testng.internal.TestMethodWorker.run(TestMethodWorker.java:109)
	at org.testng.TestRunner.privateRun(TestRunner.java:648)
	at org.testng.TestRunner.run(TestRunner.java:505)
	at org.testng.SuiteRunner.runTest(SuiteRunner.java:455)
	at org.testng.SuiteRunner.runSequentially(SuiteRunner.java:450)
	at org.testng.SuiteRunner.privateRun(SuiteRunner.java:415)
	at org.testng.SuiteRunner.run(SuiteRunner.java:364)
	at org.testng.SuiteRunnerWorker.runSuite(SuiteRunnerWorker.java:52)
	at org.testng.SuiteRunnerWorker.run(SuiteRunnerWorker.java:84)
	at org.testng.TestNG.runSuitesSequentially(TestNG.java:1187)
	at org.testng.TestNG.runSuitesLocally(TestNG.java:1116)
	at org.testng.TestNG.runSuites(TestNG.java:1028)
	at org.testng.TestNG.run(TestNG.java:996)
	at org.testng.remote.AbstractRemoteTestNG.run(AbstractRemoteTestNG.java:132)
	at org.testng.remote.RemoteTestNG.initAndRun(RemoteTestNG.java:230)
	at org.testng.remote.RemoteTestNG.main(RemoteTestNG.java:76)
</pre></div></td>
<td>61</td>
<td>signInAction.TC_Login@dba097</td></tr>
</table><p>
</body>
</html>